TN:
SF:app/app.ts
FNF:0
FNH:0
DA:1,1
DA:2,1
DA:3,1
DA:4,1
DA:5,1
DA:6,1
DA:7,1
DA:8,1
DA:9,1
DA:10,1
DA:11,1
DA:12,1
LF:12
LH:12
BRF:0
BRH:0
end_of_record
TN:
SF:app/controllers/gitDir.ts
FN:15,getGitDirController
FN:24,postGitDirController
FNF:2
FNH:2
FNDA:1,getGitDirController
FNDA:3,postGitDirController
DA:1,1
DA:2,1
DA:3,1
DA:4,1
DA:5,1
DA:6,1
DA:7,1
DA:8,1
DA:9,1
DA:10,1
DA:11,1
DA:12,1
DA:13,1
DA:14,1
DA:15,1
DA:16,1
DA:17,1
DA:18,1
DA:19,1
DA:20,1
DA:21,1
DA:22,1
DA:23,1
DA:24,1
DA:25,3
DA:26,3
DA:27,3
DA:28,3
DA:29,3
DA:30,3
DA:31,3
DA:32,3
DA:33,2
DA:34,1
DA:35,1
DA:36,2
DA:37,2
DA:38,2
DA:39,2
DA:40,2
DA:41,2
DA:42,2
DA:43,2
DA:44,2
DA:45,2
DA:46,2
DA:47,2
DA:48,2
DA:49,1
DA:50,1
DA:51,1
DA:52,0
DA:53,0
DA:54,1
DA:55,3
LF:55
LH:53
BRDA:15,0,0,1
BRDA:24,1,0,3
BRDA:33,2,0,2
BRDA:33,3,0,1
BRDA:48,4,0,1
BRDA:51,5,0,0
BRF:6
BRH:5
end_of_record
TN:
SF:app/controllers/stage.ts
FN:11,postStageController
FNF:1
FNH:0
FNDA:0,postStageController
DA:1,1
DA:2,1
DA:3,1
DA:4,1
DA:5,1
DA:6,1
DA:7,1
DA:8,1
DA:9,1
DA:10,1
DA:11,1
DA:12,0
DA:13,0
DA:14,0
DA:15,0
DA:16,0
DA:17,0
DA:18,0
DA:19,0
DA:20,0
DA:21,0
DA:22,0
DA:23,0
DA:24,0
DA:25,0
DA:26,0
DA:27,0
DA:28,0
DA:29,0
DA:30,0
DA:31,0
DA:32,0
DA:33,0
DA:34,0
DA:35,0
DA:36,0
DA:37,0
DA:38,0
LF:38
LH:11
BRF:0
BRH:0
end_of_record
TN:
SF:app/controllers/status.ts
FN:10,getStatusController
FNF:1
FNH:1
FNDA:1,getStatusController
DA:1,1
DA:2,1
DA:3,1
DA:4,1
DA:5,1
DA:6,1
DA:7,1
DA:8,1
DA:9,1
DA:10,1
DA:11,1
DA:12,1
DA:13,1
DA:14,1
DA:15,1
DA:16,1
DA:17,1
DA:18,1
DA:19,1
DA:20,1
DA:21,0
DA:22,0
DA:23,1
DA:24,1
DA:25,1
DA:26,1
DA:27,1
DA:28,0
DA:29,0
DA:30,1
LF:30
LH:26
BRDA:10,0,0,1
BRDA:20,1,0,0
BRDA:27,2,0,0
BRF:3
BRH:1
end_of_record
TN:
SF:app/errors/appError.ts
FN:8,AppError
FN:15,serializeErrorExternal
FN:23,serializeErrorInternal
FNF:3
FNH:1
FNDA:3,AppError
FNDA:0,serializeErrorExternal
FNDA:0,serializeErrorInternal
DA:1,1
DA:2,1
DA:3,1
DA:4,1
DA:5,1
DA:6,1
DA:7,1
DA:8,1
DA:9,3
DA:10,3
DA:11,3
DA:12,3
DA:13,3
DA:14,1
DA:15,1
DA:16,0
DA:17,0
DA:18,0
DA:19,0
DA:20,0
DA:21,0
DA:22,1
DA:23,1
DA:24,0
DA:25,0
DA:26,0
DA:27,0
DA:28,0
DA:29,0
DA:30,0
DA:31,1
LF:31
LH:18
BRDA:8,0,0,3
BRF:1
BRH:1
end_of_record
TN:
SF:app/errors/authError.ts
FN:8,AuthError
FN:14,serializeErrorExternal
FN:22,serializeErrorInternal
FNF:3
FNH:0
FNDA:0,AuthError
FNDA:0,serializeErrorExternal
FNDA:0,serializeErrorInternal
DA:1,1
DA:2,1
DA:3,1
DA:4,1
DA:5,1
DA:6,1
DA:7,1
DA:8,1
DA:9,0
DA:10,0
DA:11,0
DA:12,0
DA:13,1
DA:14,1
DA:15,0
DA:16,0
DA:17,0
DA:18,0
DA:19,0
DA:20,0
DA:21,1
DA:22,1
DA:23,0
DA:24,0
DA:25,0
DA:26,0
DA:27,0
DA:28,0
DA:29,0
DA:30,1
LF:30
LH:13
BRF:0
BRH:0
end_of_record
TN:
SF:app/errors/customError.ts
FN:6,CustomError
FNF:1
FNH:1
FNDA:4,CustomError
DA:1,1
DA:2,1
DA:3,1
DA:4,1
DA:5,1
DA:6,1
DA:7,4
DA:8,4
DA:9,4
DA:10,4
DA:11,1
DA:12,1
DA:13,1
DA:14,1
DA:15,1
DA:16,1
DA:17,1
DA:18,1
DA:19,1
DA:20,1
DA:21,1
DA:22,1
DA:23,1
DA:24,1
LF:24
LH:24
BRDA:6,0,0,4
BRF:1
BRH:1
end_of_record
TN:
SF:app/errors/helpers.ts
FN:1,errorIfUndefined
FNF:1
FNH:1
FNDA:3,errorIfUndefined
DA:1,3
DA:2,3
DA:3,0
DA:4,0
DA:5,3
LF:5
LH:3
BRDA:1,0,0,3
BRDA:2,1,0,0
BRF:2
BRH:1
end_of_record
TN:
SF:app/errors/validationError.ts
FN:8,ValidationError
FN:16,serializeErrorInternal
FN:25,serializeErrorExternal
FNF:3
FNH:3
FNDA:1,ValidationError
FNDA:1,serializeErrorInternal
FNDA:1,serializeErrorExternal
DA:1,1
DA:2,1
DA:3,1
DA:4,1
DA:5,1
DA:6,1
DA:7,1
DA:8,1
DA:9,1
DA:10,1
DA:11,1
DA:12,1
DA:13,1
DA:14,1
DA:15,1
DA:16,1
DA:17,1
DA:18,1
DA:19,1
DA:20,1
DA:21,1
DA:22,1
DA:23,1
DA:24,1
DA:25,1
DA:26,1
DA:27,1
DA:28,1
DA:29,1
DA:30,1
DA:31,1
DA:32,1
LF:32
LH:32
BRDA:8,0,0,1
BRDA:16,1,0,1
BRDA:25,2,0,1
BRF:3
BRH:3
end_of_record
TN:
SF:app/logger/development.ts
FN:4,devLogger
FNF:1
FNH:1
FNDA:2,devLogger
DA:1,1
DA:2,1
DA:3,1
DA:4,1
DA:5,2
DA:6,1
DA:7,2
DA:8,2
DA:9,2
DA:10,2
DA:11,2
DA:12,2
DA:13,2
DA:14,2
DA:15,2
DA:16,2
DA:17,2
LF:17
LH:17
BRDA:4,0,0,2
BRDA:5,1,0,1
BRF:2
BRH:2
end_of_record
TN:
SF:app/logger/index.ts
FNF:0
FNH:0
DA:1,1
DA:2,1
DA:3,1
DA:4,1
DA:5,1
DA:6,1
DA:7,1
DA:8,1
DA:9,1
DA:10,1
DA:11,1
DA:12,1
DA:13,1
DA:14,1
DA:15,1
DA:16,1
DA:17,1
LF:17
LH:17
BRDA:14,0,0,0
BRF:1
BRH:0
end_of_record
TN:
SF:app/logger/production.ts
FN:4,productionLogger
FNF:1
FNH:0
FNDA:0,productionLogger
DA:1,1
DA:2,1
DA:3,1
DA:4,1
DA:5,0
DA:6,0
DA:7,0
DA:8,0
DA:9,0
DA:10,0
DA:11,0
DA:12,0
DA:13,0
DA:14,0
DA:15,0
DA:16,0
DA:17,0
DA:18,0
LF:18
LH:4
BRF:0
BRH:0
end_of_record
TN:
SF:app/middleware/apiErrorHandler.ts
FN:5,apiErrorHandler
FNF:1
FNH:1
FNDA:1,apiErrorHandler
DA:1,1
DA:2,1
DA:3,1
DA:4,1
DA:5,1
DA:6,1
DA:7,1
DA:8,1
DA:9,1
DA:10,1
DA:11,1
DA:12,1
DA:13,1
DA:14,1
DA:15,1
DA:16,1
DA:17,1
DA:18,1
DA:19,1
DA:20,1
DA:21,0
DA:22,0
DA:23,0
DA:24,0
DA:25,0
DA:26,0
DA:27,1
LF:27
LH:21
BRDA:5,0,0,1
BRDA:20,1,0,0
BRF:2
BRH:1
end_of_record
TN:
SF:app/middleware/bodyparser.ts
FNF:0
FNH:0
DA:1,1
DA:2,1
DA:3,1
DA:4,1
DA:5,1
LF:5
LH:5
BRF:0
BRH:0
end_of_record
TN:
SF:app/model/session.ts
FN:10,GitDirSession
FN:15,createSession
FN:29,getGidDir
FNF:3
FNH:3
FNDA:2,GitDirSession
FNDA:2,createSession
FNDA:1,getGidDir
DA:1,1
DA:2,1
DA:3,1
DA:4,1
DA:5,1
DA:6,1
DA:7,1
DA:8,1
DA:9,1
DA:10,1
DA:11,2
DA:12,2
DA:13,2
DA:14,1
DA:15,1
DA:16,2
DA:17,2
DA:18,2
DA:19,2
DA:20,2
DA:21,2
DA:22,2
DA:23,2
DA:24,0
DA:25,0
DA:26,0
DA:27,0
DA:28,1
DA:29,1
DA:30,1
DA:31,1
DA:32,1
DA:33,1
DA:34,1
LF:34
LH:30
BRDA:10,0,0,2
BRDA:15,1,0,2
BRDA:24,2,0,0
BRDA:29,3,0,1
BRF:4
BRH:3
end_of_record
TN:
SF:app/model/git/gitDir.ts
FN:7,getGitDirModel
FNF:1
FNH:1
FNDA:1,getGitDirModel
DA:1,1
DA:2,1
DA:3,1
DA:4,1
DA:5,1
DA:6,1
DA:7,1
DA:8,1
DA:9,1
DA:10,1
DA:11,1
DA:12,1
DA:13,3
DA:14,3
DA:15,22
DA:16,1
DA:17,1
DA:18,21
DA:19,3
DA:20,3
DA:21,3
DA:22,1
DA:23,1
DA:24,2
DA:25,2
DA:26,1
DA:27,0
DA:28,0
DA:29,1
LF:29
LH:27
BRDA:7,0,0,1
BRDA:12,1,0,3
BRDA:21,2,0,1
BRDA:24,3,0,2
BRDA:26,4,0,0
BRDA:14,5,0,22
BRDA:15,6,0,10
BRDA:15,7,0,1
BRDA:18,8,0,21
BRF:9
BRH:8
end_of_record
TN:
SF:app/model/git/stage.ts
FN:7,setStageModel
FNF:1
FNH:0
FNDA:0,setStageModel
DA:1,1
DA:2,1
DA:3,1
DA:4,1
DA:5,1
DA:6,1
DA:7,1
DA:8,0
DA:9,0
DA:10,0
DA:11,0
DA:12,0
DA:13,0
DA:14,0
DA:15,0
DA:16,0
DA:17,0
DA:18,0
DA:19,0
DA:20,0
DA:21,0
DA:22,0
LF:22
LH:7
BRF:0
BRH:0
end_of_record
TN:
SF:app/model/git/status.ts
FN:6,getStatusModel
FN:16,matrixToFile
FN:32,statusSections
FN:62,serialize
FNF:4
FNH:4
FNDA:1,getStatusModel
FNDA:1,matrixToFile
FNDA:1,statusSections
FNDA:9,serialize
DA:1,1
DA:2,1
DA:3,1
DA:4,1
DA:5,1
DA:6,1
DA:7,1
DA:8,1
DA:9,1
DA:10,1
DA:11,1
DA:12,1
DA:13,1
DA:14,1
DA:15,1
DA:16,1
DA:17,1
DA:18,1
DA:19,1
DA:20,9
DA:21,9
DA:22,9
DA:23,9
DA:24,9
DA:25,9
DA:26,9
DA:27,1
DA:28,1
DA:29,1
DA:30,1
DA:31,1
DA:32,1
DA:33,1
DA:34,1
DA:35,1
DA:36,1
DA:37,1
DA:38,1
DA:39,1
DA:40,1
DA:41,9
DA:42,9
DA:43,2
DA:44,2
DA:45,9
DA:46,9
DA:47,2
DA:48,4
DA:49,4
DA:50,4
DA:51,2
DA:52,9
DA:53,7
DA:54,7
DA:55,7
DA:56,7
DA:57,1
DA:58,1
DA:59,1
DA:60,1
DA:61,1
DA:62,9
DA:63,9
DA:64,9
DA:65,9
DA:66,0
DA:67,0
DA:68,9
LF:68
LH:66
BRDA:6,0,0,1
BRDA:16,1,0,1
BRDA:19,2,0,9
BRDA:32,3,0,1
BRDA:40,4,0,9
BRDA:42,5,0,2
BRDA:46,6,0,2
BRDA:52,7,0,7
BRDA:47,8,0,4
BRDA:62,9,0,9
BRDA:65,10,0,0
BRF:11
BRH:10
end_of_record
TN:
SF:app/routes/RoutesClass.ts
FN:9,Route
FN:19,setRequestType
FN:31,RouterClass
FN:35,get
FN:40,post
FN:45,delete
FN:50,put
FNF:7
FNH:5
FNDA:8,Route
FNDA:8,setRequestType
FNDA:6,RouterClass
FNDA:4,get
FNDA:4,post
FNDA:0,delete
FNDA:0,put
DA:1,1
DA:2,1
DA:3,1
DA:4,1
DA:5,1
DA:6,1
DA:7,1
DA:8,1
DA:9,1
DA:10,8
DA:11,8
DA:12,8
DA:13,8
DA:14,8
DA:15,8
DA:16,8
DA:17,8
DA:18,1
DA:19,1
DA:20,8
DA:21,4
DA:22,4
DA:23,4
DA:24,4
DA:25,8
DA:26,1
DA:27,1
DA:28,1
DA:29,1
DA:30,1
DA:31,1
DA:32,6
DA:33,6
DA:34,1
DA:35,1
DA:36,4
DA:37,4
DA:38,4
DA:39,1
DA:40,1
DA:41,4
DA:42,4
DA:43,4
DA:44,1
DA:45,1
DA:46,0
DA:47,0
DA:48,0
DA:49,1
DA:50,1
DA:51,0
DA:52,0
DA:53,0
DA:54,1
LF:54
LH:48
BRDA:9,0,0,8
BRDA:19,1,0,8
BRDA:20,2,0,4
BRDA:31,3,0,6
BRDA:35,4,0,4
BRDA:40,5,0,4
BRF:6
BRH:6
end_of_record
TN:
SF:app/routes/gitDir.ts
FNF:0
FNH:0
DA:1,1
DA:2,1
DA:3,1
DA:4,1
DA:5,1
DA:6,1
DA:7,1
DA:8,1
DA:9,1
DA:10,1
DA:11,1
DA:12,1
DA:13,1
DA:14,1
LF:14
LH:14
BRF:0
BRH:0
end_of_record
TN:
SF:app/routes/index.ts
FNF:0
FNH:0
DA:1,1
DA:2,1
DA:3,1
DA:4,1
DA:5,1
LF:5
LH:5
BRF:0
BRH:0
end_of_record
TN:
SF:app/routes/stage.ts
FNF:0
FNH:0
DA:1,1
DA:2,1
DA:3,1
DA:4,1
DA:5,1
DA:6,1
DA:7,1
DA:8,1
DA:9,1
LF:9
LH:9
BRF:0
BRH:0
end_of_record
TN:
SF:app/routes/status.ts
FNF:0
FNH:0
DA:1,1
DA:2,1
DA:3,1
DA:4,1
DA:5,1
DA:6,1
DA:7,1
DA:8,1
DA:9,1
LF:9
LH:9
BRF:0
BRH:0
end_of_record
TN:
SF:app/service/gitDir.ts
FN:7,getGitDirService
FN:15,createGitDirSessionService
FN:21,getGitDirSessionService
FNF:3
FNH:2
FNDA:1,getGitDirService
FNDA:2,createGitDirSessionService
FNDA:0,getGitDirSessionService
DA:1,1
DA:2,1
DA:3,1
DA:4,1
DA:5,1
DA:6,1
DA:7,1
DA:8,1
DA:9,1
DA:10,1
DA:11,1
DA:12,1
DA:13,1
DA:14,1
DA:15,1
DA:16,2
DA:17,2
DA:18,2
DA:19,2
DA:20,1
DA:21,1
DA:22,0
DA:23,0
DA:24,0
DA:25,0
LF:25
LH:21
BRDA:7,0,0,1
BRDA:15,1,0,2
BRF:2
BRH:2
end_of_record
TN:
SF:app/service/stage.ts
FN:3,postStageService
FNF:1
FNH:0
FNDA:0,postStageService
DA:1,1
DA:2,1
DA:3,1
DA:4,0
DA:5,0
LF:5
LH:3
BRF:0
BRH:0
end_of_record
TN:
SF:app/service/status.ts
FN:6,getStatusService
FNF:1
FNH:1
FNDA:1,getStatusService
DA:1,1
DA:2,1
DA:3,1
DA:4,1
DA:5,1
DA:6,1
DA:7,1
DA:8,1
LF:8
LH:8
BRDA:6,0,0,1
BRF:1
BRH:1
end_of_record
TN:
SF:app/validation/gitDir.ts
FNF:0
FNH:0
DA:1,1
DA:2,1
DA:3,1
DA:4,1
DA:5,1
DA:6,1
LF:6
LH:6
BRF:0
BRH:0
end_of_record
TN:
SF:app/validation/helper.ts
FN:1,isFile
FN:10,properURI
FNF:2
FNH:2
FNDA:8,isFile
FNDA:5,properURI
DA:1,8
DA:2,8
DA:3,8
DA:4,8
DA:5,8
DA:6,1
DA:7,1
DA:8,8
DA:9,1
DA:10,5
DA:11,5
DA:12,5
DA:13,5
LF:13
LH:13
BRDA:1,0,0,8
BRDA:5,1,0,1
BRDA:10,2,0,5
BRF:3
BRH:3
end_of_record
TN:
SF:app/validation/stage.ts
FNF:0
FNH:0
DA:1,1
DA:2,1
DA:3,1
DA:4,1
DA:5,1
DA:6,1
DA:7,1
LF:7
LH:7
BRF:0
BRH:0
end_of_record
TN:
SF:app/validation/status.ts
FNF:0
FNH:0
DA:1,1
DA:2,1
DA:3,1
DA:4,1
DA:5,1
LF:5
LH:5
BRF:0
BRH:0
end_of_record
TN:
SF:test/helpers/fixtures.ts
FN:5,useFixture
FN:24,copyFolder
FNF:2
FNH:2
FNDA:1,useFixture
FNDA:36,copyFolder
DA:1,1
DA:2,1
DA:3,1
DA:4,1
DA:5,1
DA:6,1
DA:7,1
DA:8,1
DA:9,1
DA:10,1
DA:11,1
DA:12,1
DA:13,1
DA:14,1
DA:15,1
DA:16,1
DA:17,1
DA:18,1
DA:19,1
DA:20,0
DA:21,0
DA:22,1
DA:23,1
DA:24,36
DA:25,36
DA:26,36
DA:27,35
DA:28,35
DA:29,36
DA:30,86
DA:31,86
DA:32,86
DA:33,35
DA:34,86
DA:35,51
DA:36,51
DA:37,86
DA:38,36
LF:38
LH:36
BRDA:5,0,0,1
BRDA:19,1,0,0
BRDA:24,2,0,36
BRDA:26,3,0,35
BRDA:29,4,0,86
BRDA:32,5,0,35
BRDA:34,6,0,51
BRF:7
BRH:6
end_of_record
